{"D:\\A\\Proyectos Personales\\FullStack\\app-sistema-medico\\backend\\index.js": {"path":"D:\\A\\Proyectos Personales\\FullStack\\app-sistema-medico\\backend\\index.js","statementMap":{"0":{"start":{"line":1,"column":16},"end":{"line":1,"column":34}},"1":{"start":{"line":2,"column":19},"end":{"line":2,"column":41}},"2":{"start":{"line":3,"column":13},"end":{"line":3,"column":28}},"3":{"start":{"line":4,"column":18},"end":{"line":4,"column":47}},"4":{"start":{"line":5,"column":29},"end":{"line":5,"column":54}},"5":{"start":{"line":8,"column":12},"end":{"line":8,"column":21}},"6":{"start":{"line":11,"column":17},"end":{"line":11,"column":54}},"7":{"start":{"line":14,"column":0},"end":{"line":14,"column":13}},"8":{"start":{"line":16,"column":0},"end":{"line":16,"column":16}},"9":{"start":{"line":17,"column":0},"end":{"line":17,"column":24}},"10":{"start":{"line":22,"column":0},"end":{"line":25,"column":1}},"11":{"start":{"line":29,"column":0},"end":{"line":29,"column":56}},"12":{"start":{"line":30,"column":0},"end":{"line":30,"column":54}},"13":{"start":{"line":31,"column":0},"end":{"line":31,"column":56}},"14":{"start":{"line":32,"column":0},"end":{"line":32,"column":54}},"15":{"start":{"line":33,"column":0},"end":{"line":33,"column":57}},"16":{"start":{"line":36,"column":13},"end":{"line":36,"column":17}},"17":{"start":{"line":37,"column":0},"end":{"line":37,"column":41}},"18":{"start":{"line":37,"column":24},"end":{"line":37,"column":41}},"19":{"start":{"line":41,"column":0},"end":{"line":41,"column":20}}},"fnMap":{},"branchMap":{"0":{"loc":{"start":{"line":11,"column":17},"end":{"line":11,"column":54}},"type":"binary-expr","locations":[{"start":{"line":11,"column":17},"end":{"line":11,"column":37}},{"start":{"line":11,"column":41},"end":{"line":11,"column":54}}],"line":11},"1":{"loc":{"start":{"line":37,"column":0},"end":{"line":37,"column":41}},"type":"if","locations":[{"start":{"line":37,"column":0},"end":{"line":37,"column":41}},{"start":{},"end":{}}],"line":37}},"s":{"0":5,"1":5,"2":5,"3":5,"4":5,"5":5,"6":5,"7":5,"8":5,"9":5,"10":5,"11":5,"12":5,"13":5,"14":5,"15":5,"16":5,"17":5,"18":0,"19":5},"f":{},"b":{"0":[5,0],"1":[0,5]},"_coverageSchema":"1a1c01bbd47fc00a2c39e90264f33305004495a9","hash":"3e3d211990db880745701906de75947057ec42af"}
,"D:\\A\\Proyectos Personales\\FullStack\\app-sistema-medico\\backend\\config\\db.js": {"path":"D:\\A\\Proyectos Personales\\FullStack\\app-sistema-medico\\backend\\config\\db.js","statementMap":{"0":{"start":{"line":1,"column":17},"end":{"line":1,"column":36}},"1":{"start":{"line":2,"column":0},"end":{"line":2,"column":50}},"2":{"start":{"line":3,"column":0},"end":{"line":3,"column":32}},"3":{"start":{"line":5,"column":19},"end":{"line":17,"column":1}},"4":{"start":{"line":6,"column":19},"end":{"line":6,"column":87}},"5":{"start":{"line":8,"column":4},"end":{"line":16,"column":5}},"6":{"start":{"line":9,"column":8},"end":{"line":10,"column":10}},"7":{"start":{"line":11,"column":8},"end":{"line":11,"column":35}},"8":{"start":{"line":14,"column":8},"end":{"line":14,"column":27}},"9":{"start":{"line":15,"column":8},"end":{"line":15,"column":23}},"10":{"start":{"line":19,"column":0},"end":{"line":19,"column":27}}},"fnMap":{"0":{"name":"(anonymous_0)","decl":{"start":{"line":5,"column":19},"end":{"line":5,"column":20}},"loc":{"start":{"line":5,"column":31},"end":{"line":17,"column":1}},"line":5}},"branchMap":{"0":{"loc":{"start":{"line":6,"column":19},"end":{"line":6,"column":87}},"type":"cond-expr","locations":[{"start":{"line":6,"column":43},"end":{"line":6,"column":66}},{"start":{"line":6,"column":69},"end":{"line":6,"column":87}}],"line":6}},"s":{"0":5,"1":5,"2":5,"3":5,"4":5,"5":5,"6":5,"7":5,"8":0,"9":0,"10":5},"f":{"0":5},"b":{"0":[5,0]},"_coverageSchema":"1a1c01bbd47fc00a2c39e90264f33305004495a9","hash":"b9c873e89d2198feeca6877017b3375ed0a3dd2b"}
,"D:\\A\\Proyectos Personales\\FullStack\\app-sistema-medico\\backend\\controllers\\archivoController.js": {"path":"D:\\A\\Proyectos Personales\\FullStack\\app-sistema-medico\\backend\\controllers\\archivoController.js","statementMap":{"0":{"start":{"line":1,"column":16},"end":{"line":1,"column":44}},"1":{"start":{"line":2,"column":11},"end":{"line":2,"column":24}},"2":{"start":{"line":3,"column":28},"end":{"line":3,"column":59}},"3":{"start":{"line":4,"column":19},"end":{"line":4,"column":41}},"4":{"start":{"line":5,"column":19},"end":{"line":5,"column":44}},"5":{"start":{"line":7,"column":0},"end":{"line":28,"column":2}},"6":{"start":{"line":8,"column":2},"end":{"line":27,"column":3}},"7":{"start":{"line":9,"column":28},"end":{"line":9,"column":31}},"8":{"start":{"line":11,"column":4},"end":{"line":11,"column":100}},"9":{"start":{"line":11,"column":38},"end":{"line":11,"column":100}},"10":{"start":{"line":14,"column":25},"end":{"line":18,"column":7}},"11":{"start":{"line":14,"column":44},"end":{"line":18,"column":5}},"12":{"start":{"line":21,"column":17},"end":{"line":21,"column":55}},"13":{"start":{"line":23,"column":4},"end":{"line":23,"column":79}},"14":{"start":{"line":26,"column":4},"end":{"line":26,"column":63}},"15":{"start":{"line":30,"column":0},"end":{"line":49,"column":2}},"16":{"start":{"line":31,"column":2},"end":{"line":48,"column":3}},"17":{"start":{"line":32,"column":19},"end":{"line":32,"column":29}},"18":{"start":{"line":34,"column":21},"end":{"line":34,"column":59}},"19":{"start":{"line":36,"column":4},"end":{"line":36,"column":100}},"20":{"start":{"line":36,"column":29},"end":{"line":36,"column":100}},"21":{"start":{"line":38,"column":34},"end":{"line":43,"column":7}},"22":{"start":{"line":38,"column":53},"end":{"line":43,"column":5}},"23":{"start":{"line":45,"column":4},"end":{"line":45,"column":48}},"24":{"start":{"line":47,"column":4},"end":{"line":47,"column":66}},"25":{"start":{"line":51,"column":0},"end":{"line":82,"column":2}},"26":{"start":{"line":52,"column":2},"end":{"line":81,"column":3}},"27":{"start":{"line":53,"column":19},"end":{"line":53,"column":29}},"28":{"start":{"line":55,"column":20},"end":{"line":55,"column":46}},"29":{"start":{"line":57,"column":4},"end":{"line":57,"column":89}},"30":{"start":{"line":57,"column":18},"end":{"line":57,"column":89}},"31":{"start":{"line":59,"column":27},"end":{"line":59,"column":71}},"32":{"start":{"line":61,"column":22},"end":{"line":61,"column":34}},"33":{"start":{"line":62,"column":21},"end":{"line":62,"column":48}},"34":{"start":{"line":65,"column":4},"end":{"line":70,"column":5}},"35":{"start":{"line":67,"column":6},"end":{"line":67,"column":30}},"36":{"start":{"line":69,"column":6},"end":{"line":69,"column":98}},"37":{"start":{"line":72,"column":17},"end":{"line":75,"column":5}},"38":{"start":{"line":77,"column":4},"end":{"line":77,"column":82}},"39":{"start":{"line":80,"column":4},"end":{"line":80,"column":66}}},"fnMap":{"0":{"name":"(anonymous_0)","decl":{"start":{"line":7,"column":24},"end":{"line":7,"column":25}},"loc":{"start":{"line":7,"column":44},"end":{"line":28,"column":1}},"line":7},"1":{"name":"(anonymous_1)","decl":{"start":{"line":14,"column":35},"end":{"line":14,"column":36}},"loc":{"start":{"line":14,"column":44},"end":{"line":18,"column":5}},"line":14},"2":{"name":"(anonymous_2)","decl":{"start":{"line":30,"column":25},"end":{"line":30,"column":26}},"loc":{"start":{"line":30,"column":45},"end":{"line":49,"column":1}},"line":30},"3":{"name":"(anonymous_3)","decl":{"start":{"line":38,"column":47},"end":{"line":38,"column":48}},"loc":{"start":{"line":38,"column":53},"end":{"line":43,"column":5}},"line":38},"4":{"name":"(anonymous_4)","decl":{"start":{"line":51,"column":26},"end":{"line":51,"column":27}},"loc":{"start":{"line":51,"column":46},"end":{"line":82,"column":1}},"line":51}},"branchMap":{"0":{"loc":{"start":{"line":11,"column":4},"end":{"line":11,"column":100}},"type":"if","locations":[{"start":{"line":11,"column":4},"end":{"line":11,"column":100}},{"start":{},"end":{}}],"line":11},"1":{"loc":{"start":{"line":11,"column":8},"end":{"line":11,"column":36}},"type":"binary-expr","locations":[{"start":{"line":11,"column":8},"end":{"line":11,"column":14}},{"start":{"line":11,"column":18},"end":{"line":11,"column":36}}],"line":11},"2":{"loc":{"start":{"line":36,"column":4},"end":{"line":36,"column":100}},"type":"if","locations":[{"start":{"line":36,"column":4},"end":{"line":36,"column":100}},{"start":{},"end":{}}],"line":36},"3":{"loc":{"start":{"line":57,"column":4},"end":{"line":57,"column":89}},"type":"if","locations":[{"start":{"line":57,"column":4},"end":{"line":57,"column":89}},{"start":{},"end":{}}],"line":57},"4":{"loc":{"start":{"line":65,"column":4},"end":{"line":70,"column":5}},"type":"if","locations":[{"start":{"line":65,"column":4},"end":{"line":70,"column":5}},{"start":{"line":68,"column":11},"end":{"line":70,"column":5}}],"line":65}},"s":{"0":5,"1":5,"2":5,"3":5,"4":5,"5":5,"6":1,"7":1,"8":1,"9":0,"10":1,"11":1,"12":1,"13":1,"14":0,"15":5,"16":2,"17":2,"18":2,"19":2,"20":1,"21":1,"22":1,"23":1,"24":0,"25":5,"26":2,"27":2,"28":2,"29":2,"30":1,"31":2,"32":1,"33":1,"34":1,"35":1,"36":0,"37":1,"38":1,"39":0},"f":{"0":1,"1":1,"2":2,"3":1,"4":2},"b":{"0":[0,1],"1":[1,1],"2":[1,1],"3":[1,1],"4":[1,0]},"_coverageSchema":"1a1c01bbd47fc00a2c39e90264f33305004495a9","hash":"f38edcd87743e7769ae1e7d619a982c1a773ec86"}
,"D:\\A\\Proyectos Personales\\FullStack\\app-sistema-medico\\backend\\controllers\\consultaController.js": {"path":"D:\\A\\Proyectos Personales\\FullStack\\app-sistema-medico\\backend\\controllers\\consultaController.js","statementMap":{"0":{"start":{"line":1,"column":17},"end":{"line":1,"column":46}},"1":{"start":{"line":2,"column":13},"end":{"line":2,"column":28}},"2":{"start":{"line":3,"column":11},"end":{"line":3,"column":24}},"3":{"start":{"line":4,"column":28},"end":{"line":4,"column":59}},"4":{"start":{"line":7,"column":17},"end":{"line":7,"column":46}},"5":{"start":{"line":8,"column":16},"end":{"line":8,"column":44}},"6":{"start":{"line":10,"column":0},"end":{"line":23,"column":2}},"7":{"start":{"line":11,"column":4},"end":{"line":22,"column":5}},"8":{"start":{"line":12,"column":23},"end":{"line":12,"column":33}},"9":{"start":{"line":14,"column":26},"end":{"line":14,"column":92}},"10":{"start":{"line":16,"column":8},"end":{"line":16,"column":121}},"11":{"start":{"line":16,"column":49},"end":{"line":16,"column":121}},"12":{"start":{"line":18,"column":8},"end":{"line":18,"column":57}},"13":{"start":{"line":21,"column":8},"end":{"line":21,"column":80}},"14":{"start":{"line":26,"column":0},"end":{"line":41,"column":2}},"15":{"start":{"line":27,"column":4},"end":{"line":40,"column":5}},"16":{"start":{"line":28,"column":30},"end":{"line":28,"column":38}},"17":{"start":{"line":30,"column":25},"end":{"line":30,"column":52}},"18":{"start":{"line":32,"column":8},"end":{"line":32,"column":30}},"19":{"start":{"line":35,"column":8},"end":{"line":35,"column":58}},"20":{"start":{"line":37,"column":8},"end":{"line":37,"column":85}},"21":{"start":{"line":39,"column":8},"end":{"line":39,"column":68}},"22":{"start":{"line":44,"column":0},"end":{"line":72,"column":2}},"23":{"start":{"line":45,"column":4},"end":{"line":71,"column":5}},"24":{"start":{"line":46,"column":25},"end":{"line":46,"column":33}},"25":{"start":{"line":48,"column":36},"end":{"line":60,"column":9}},"26":{"start":{"line":62,"column":8},"end":{"line":62,"column":93}},"27":{"start":{"line":62,"column":34},"end":{"line":62,"column":93}},"28":{"start":{"line":65,"column":8},"end":{"line":65,"column":58}},"29":{"start":{"line":67,"column":8},"end":{"line":67,"column":108}},"30":{"start":{"line":70,"column":8},"end":{"line":70,"column":73}},"31":{"start":{"line":74,"column":0},"end":{"line":95,"column":2}},"32":{"start":{"line":75,"column":4},"end":{"line":94,"column":5}},"33":{"start":{"line":76,"column":23},"end":{"line":76,"column":33}},"34":{"start":{"line":78,"column":25},"end":{"line":78,"column":52}},"35":{"start":{"line":80,"column":8},"end":{"line":80,"column":82}},"36":{"start":{"line":80,"column":23},"end":{"line":80,"column":82}},"37":{"start":{"line":83,"column":8},"end":{"line":83,"column":52}},"38":{"start":{"line":86,"column":8},"end":{"line":86,"column":40}},"39":{"start":{"line":89,"column":8},"end":{"line":89,"column":58}},"40":{"start":{"line":91,"column":8},"end":{"line":91,"column":80}},"41":{"start":{"line":93,"column":8},"end":{"line":93,"column":71}},"42":{"start":{"line":98,"column":31},"end":{"line":119,"column":1}},"43":{"start":{"line":99,"column":4},"end":{"line":118,"column":5}},"44":{"start":{"line":101,"column":33},"end":{"line":104,"column":21}},"45":{"start":{"line":106,"column":25},"end":{"line":106,"column":60}},"46":{"start":{"line":107,"column":8},"end":{"line":107,"column":30}},"47":{"start":{"line":107,"column":23},"end":{"line":107,"column":30}},"48":{"start":{"line":109,"column":8},"end":{"line":114,"column":9}},"49":{"start":{"line":110,"column":12},"end":{"line":110,"column":63}},"50":{"start":{"line":113,"column":12},"end":{"line":113,"column":42}},"51":{"start":{"line":116,"column":8},"end":{"line":116,"column":30}},"52":{"start":{"line":121,"column":36},"end":{"line":149,"column":1}},"53":{"start":{"line":122,"column":2},"end":{"line":148,"column":3}},"54":{"start":{"line":124,"column":21},"end":{"line":124,"column":55}},"55":{"start":{"line":126,"column":4},"end":{"line":141,"column":5}},"56":{"start":{"line":127,"column":34},"end":{"line":127,"column":66}},"57":{"start":{"line":128,"column":19},"end":{"line":128,"column":74}},"58":{"start":{"line":130,"column":6},"end":{"line":140,"column":7}},"59":{"start":{"line":132,"column":8},"end":{"line":132,"column":39}},"60":{"start":{"line":134,"column":8},"end":{"line":138,"column":9}},"61":{"start":{"line":144,"column":4},"end":{"line":144,"column":45}},"62":{"start":{"line":147,"column":4},"end":{"line":147,"column":85}}},"fnMap":{"0":{"name":"(anonymous_0)","decl":{"start":{"line":10,"column":28},"end":{"line":10,"column":29}},"loc":{"start":{"line":10,"column":48},"end":{"line":23,"column":1}},"line":10},"1":{"name":"(anonymous_1)","decl":{"start":{"line":26,"column":24},"end":{"line":26,"column":25}},"loc":{"start":{"line":26,"column":44},"end":{"line":41,"column":1}},"line":26},"2":{"name":"(anonymous_2)","decl":{"start":{"line":44,"column":29},"end":{"line":44,"column":30}},"loc":{"start":{"line":44,"column":49},"end":{"line":72,"column":1}},"line":44},"3":{"name":"(anonymous_3)","decl":{"start":{"line":74,"column":27},"end":{"line":74,"column":28}},"loc":{"start":{"line":74,"column":47},"end":{"line":95,"column":1}},"line":74},"4":{"name":"(anonymous_4)","decl":{"start":{"line":98,"column":31},"end":{"line":98,"column":32}},"loc":{"start":{"line":98,"column":53},"end":{"line":119,"column":1}},"line":98},"5":{"name":"(anonymous_5)","decl":{"start":{"line":121,"column":36},"end":{"line":121,"column":37}},"loc":{"start":{"line":121,"column":58},"end":{"line":149,"column":1}},"line":121}},"branchMap":{"0":{"loc":{"start":{"line":16,"column":8},"end":{"line":16,"column":121}},"type":"if","locations":[{"start":{"line":16,"column":8},"end":{"line":16,"column":121}},{"start":{},"end":{}}],"line":16},"1":{"loc":{"start":{"line":16,"column":12},"end":{"line":16,"column":47}},"type":"binary-expr","locations":[{"start":{"line":16,"column":12},"end":{"line":16,"column":22}},{"start":{"line":16,"column":26},"end":{"line":16,"column":47}}],"line":16},"2":{"loc":{"start":{"line":57,"column":28},"end":{"line":57,"column":89}},"type":"cond-expr","locations":[{"start":{"line":57,"column":65},"end":{"line":57,"column":84}},{"start":{"line":57,"column":87},"end":{"line":57,"column":89}}],"line":57},"3":{"loc":{"start":{"line":62,"column":8},"end":{"line":62,"column":93}},"type":"if","locations":[{"start":{"line":62,"column":8},"end":{"line":62,"column":93}},{"start":{},"end":{}}],"line":62},"4":{"loc":{"start":{"line":80,"column":8},"end":{"line":80,"column":82}},"type":"if","locations":[{"start":{"line":80,"column":8},"end":{"line":80,"column":82}},{"start":{},"end":{}}],"line":80},"5":{"loc":{"start":{"line":107,"column":8},"end":{"line":107,"column":30}},"type":"if","locations":[{"start":{"line":107,"column":8},"end":{"line":107,"column":30}},{"start":{},"end":{}}],"line":107},"6":{"loc":{"start":{"line":109,"column":8},"end":{"line":114,"column":9}},"type":"if","locations":[{"start":{"line":109,"column":8},"end":{"line":114,"column":9}},{"start":{"line":111,"column":15},"end":{"line":114,"column":9}}],"line":109},"7":{"loc":{"start":{"line":134,"column":8},"end":{"line":138,"column":9}},"type":"if","locations":[{"start":{"line":134,"column":8},"end":{"line":138,"column":9}},{"start":{"line":136,"column":15},"end":{"line":138,"column":9}}],"line":134}},"s":{"0":5,"1":5,"2":5,"3":5,"4":5,"5":5,"6":5,"7":2,"8":2,"9":2,"10":2,"11":1,"12":1,"13":0,"14":5,"15":2,"16":2,"17":2,"18":2,"19":2,"20":2,"21":0,"22":5,"23":2,"24":2,"25":2,"26":2,"27":1,"28":1,"29":1,"30":0,"31":5,"32":2,"33":2,"34":2,"35":2,"36":1,"37":1,"38":1,"39":1,"40":1,"41":0,"42":5,"43":4,"44":4,"45":4,"46":4,"47":0,"48":4,"49":3,"50":1,"51":4,"52":5,"53":1,"54":1,"55":1,"56":0,"57":0,"58":0,"59":0,"60":0,"61":1,"62":0},"f":{"0":2,"1":2,"2":2,"3":2,"4":4,"5":1},"b":{"0":[1,1],"1":[2,2],"2":[2,0],"3":[1,1],"4":[1,1],"5":[0,4],"6":[3,1],"7":[0,0]},"_coverageSchema":"1a1c01bbd47fc00a2c39e90264f33305004495a9","hash":"18f63dc986ff7c122be15fedbdd4af3eb90c6282"}
,"D:\\A\\Proyectos Personales\\FullStack\\app-sistema-medico\\backend\\controllers\\dashboardController.js": {"path":"D:\\A\\Proyectos Personales\\FullStack\\app-sistema-medico\\backend\\controllers\\dashboardController.js","statementMap":{"0":{"start":{"line":1,"column":17},"end":{"line":1,"column":46}},"1":{"start":{"line":2,"column":17},"end":{"line":2,"column":46}},"2":{"start":{"line":3,"column":16},"end":{"line":3,"column":44}},"3":{"start":{"line":4,"column":28},"end":{"line":4,"column":59}},"4":{"start":{"line":7,"column":0},"end":{"line":27,"column":2}},"5":{"start":{"line":8,"column":2},"end":{"line":26,"column":3}},"6":{"start":{"line":9,"column":63},"end":{"line":14,"column":6}},"7":{"start":{"line":16,"column":22},"end":{"line":21,"column":5}},"8":{"start":{"line":23,"column":4},"end":{"line":23,"column":36}},"9":{"start":{"line":25,"column":4},"end":{"line":25,"column":70}},"10":{"start":{"line":29,"column":26},"end":{"line":29,"column":70}},"11":{"start":{"line":29,"column":37},"end":{"line":29,"column":70}},"12":{"start":{"line":31,"column":24},"end":{"line":62,"column":1}},"13":{"start":{"line":32,"column":17},"end":{"line":32,"column":41}},"14":{"start":{"line":34,"column":20},"end":{"line":39,"column":4}},"15":{"start":{"line":41,"column":20},"end":{"line":46,"column":4}},"16":{"start":{"line":48,"column":19},"end":{"line":53,"column":4}},"17":{"start":{"line":55,"column":2},"end":{"line":61,"column":4}},"18":{"start":{"line":64,"column":33},"end":{"line":74,"column":1}},"19":{"start":{"line":65,"column":14},"end":{"line":65,"column":24}},"20":{"start":{"line":66,"column":20},"end":{"line":66,"column":30}},"21":{"start":{"line":67,"column":2},"end":{"line":67,"column":39}},"22":{"start":{"line":69,"column":2},"end":{"line":73,"column":6}},"23":{"start":{"line":70,"column":18},"end":{"line":70,"column":37}},"24":{"start":{"line":71,"column":4},"end":{"line":71,"column":43}},"25":{"start":{"line":72,"column":4},"end":{"line":72,"column":34}},"26":{"start":{"line":76,"column":30},"end":{"line":91,"column":1}},"27":{"start":{"line":77,"column":19},"end":{"line":78,"column":32}},"28":{"start":{"line":80,"column":2},"end":{"line":80,"column":29}},"29":{"start":{"line":80,"column":17},"end":{"line":80,"column":29}},"30":{"start":{"line":82,"column":2},"end":{"line":90,"column":4}},"31":{"start":{"line":93,"column":32},"end":{"line":104,"column":1}},"32":{"start":{"line":94,"column":20},"end":{"line":94,"column":75}},"33":{"start":{"line":96,"column":2},"end":{"line":103,"column":6}},"34":{"start":{"line":97,"column":21},"end":{"line":97,"column":65}},"35":{"start":{"line":98,"column":4},"end":{"line":102,"column":6}},"36":{"start":{"line":106,"column":31},"end":{"line":117,"column":1}},"37":{"start":{"line":107,"column":19},"end":{"line":110,"column":33}},"38":{"start":{"line":112,"column":2},"end":{"line":116,"column":6}},"39":{"start":{"line":112,"column":34},"end":{"line":116,"column":3}}},"fnMap":{"0":{"name":"(anonymous_0)","decl":{"start":{"line":7,"column":27},"end":{"line":7,"column":28}},"loc":{"start":{"line":7,"column":47},"end":{"line":27,"column":1}},"line":7},"1":{"name":"(anonymous_1)","decl":{"start":{"line":29,"column":26},"end":{"line":29,"column":27}},"loc":{"start":{"line":29,"column":37},"end":{"line":29,"column":70}},"line":29},"2":{"name":"(anonymous_2)","decl":{"start":{"line":31,"column":24},"end":{"line":31,"column":25}},"loc":{"start":{"line":31,"column":41},"end":{"line":62,"column":1}},"line":31},"3":{"name":"(anonymous_3)","decl":{"start":{"line":64,"column":33},"end":{"line":64,"column":34}},"loc":{"start":{"line":64,"column":45},"end":{"line":74,"column":1}},"line":64},"4":{"name":"(anonymous_4)","decl":{"start":{"line":69,"column":39},"end":{"line":69,"column":40}},"loc":{"start":{"line":69,"column":49},"end":{"line":73,"column":3}},"line":69},"5":{"name":"(anonymous_5)","decl":{"start":{"line":76,"column":30},"end":{"line":76,"column":31}},"loc":{"start":{"line":76,"column":42},"end":{"line":91,"column":1}},"line":76},"6":{"name":"(anonymous_6)","decl":{"start":{"line":93,"column":32},"end":{"line":93,"column":33}},"loc":{"start":{"line":93,"column":55},"end":{"line":104,"column":1}},"line":93},"7":{"name":"(anonymous_7)","decl":{"start":{"line":96,"column":35},"end":{"line":96,"column":36}},"loc":{"start":{"line":96,"column":55},"end":{"line":103,"column":3}},"line":96},"8":{"name":"(anonymous_8)","decl":{"start":{"line":106,"column":31},"end":{"line":106,"column":32}},"loc":{"start":{"line":106,"column":54},"end":{"line":117,"column":1}},"line":106},"9":{"name":"(anonymous_9)","decl":{"start":{"line":112,"column":22},"end":{"line":112,"column":23}},"loc":{"start":{"line":112,"column":34},"end":{"line":116,"column":3}},"line":112}},"branchMap":{"0":{"loc":{"start":{"line":80,"column":2},"end":{"line":80,"column":29}},"type":"if","locations":[{"start":{"line":80,"column":2},"end":{"line":80,"column":29}},{"start":{},"end":{}}],"line":80},"1":{"loc":{"start":{"line":86,"column":21},"end":{"line":86,"column":82}},"type":"binary-expr","locations":[{"start":{"line":86,"column":21},"end":{"line":86,"column":74}},{"start":{"line":86,"column":78},"end":{"line":86,"column":82}}],"line":86},"2":{"loc":{"start":{"line":93,"column":39},"end":{"line":93,"column":50}},"type":"default-arg","locations":[{"start":{"line":93,"column":48},"end":{"line":93,"column":50}}],"line":93},"3":{"loc":{"start":{"line":99,"column":18},"end":{"line":99,"column":39}},"type":"binary-expr","locations":[{"start":{"line":99,"column":18},"end":{"line":99,"column":31}},{"start":{"line":99,"column":35},"end":{"line":99,"column":39}}],"line":99},"4":{"loc":{"start":{"line":100,"column":22},"end":{"line":100,"column":90}},"type":"cond-expr","locations":[{"start":{"line":100,"column":33},"end":{"line":100,"column":74}},{"start":{"line":100,"column":77},"end":{"line":100,"column":90}}],"line":100},"5":{"loc":{"start":{"line":106,"column":38},"end":{"line":106,"column":49}},"type":"default-arg","locations":[{"start":{"line":106,"column":47},"end":{"line":106,"column":49}}],"line":106}},"s":{"0":5,"1":5,"2":5,"3":5,"4":5,"5":1,"6":1,"7":1,"8":1,"9":0,"10":5,"11":7,"12":5,"13":7,"14":7,"15":7,"16":7,"17":7,"18":5,"19":1,"20":1,"21":1,"22":1,"23":7,"24":7,"25":7,"26":5,"27":1,"28":1,"29":0,"30":1,"31":5,"32":1,"33":1,"34":1,"35":1,"36":5,"37":1,"38":1,"39":0},"f":{"0":1,"1":7,"2":7,"3":1,"4":7,"5":1,"6":1,"7":1,"8":1,"9":0},"b":{"0":[0,1],"1":[1,0],"2":[1],"3":[1,0],"4":[1,0],"5":[1]},"_coverageSchema":"1a1c01bbd47fc00a2c39e90264f33305004495a9","hash":"afdf2c9e826300f8095e1889ddb2a8732fe7e7e8"}
,"D:\\A\\Proyectos Personales\\FullStack\\app-sistema-medico\\backend\\controllers\\pacienteController.js": {"path":"D:\\A\\Proyectos Personales\\FullStack\\app-sistema-medico\\backend\\controllers\\pacienteController.js","statementMap":{"0":{"start":{"line":1,"column":17},"end":{"line":1,"column":46}},"1":{"start":{"line":2,"column":28},"end":{"line":2,"column":59}},"2":{"start":{"line":3,"column":13},"end":{"line":3,"column":28}},"3":{"start":{"line":4,"column":11},"end":{"line":4,"column":24}},"4":{"start":{"line":7,"column":17},"end":{"line":7,"column":46}},"5":{"start":{"line":8,"column":16},"end":{"line":8,"column":44}},"6":{"start":{"line":10,"column":0},"end":{"line":29,"column":1}},"7":{"start":{"line":11,"column":4},"end":{"line":28,"column":5}},"8":{"start":{"line":12,"column":21},"end":{"line":12,"column":29}},"9":{"start":{"line":15,"column":8},"end":{"line":18,"column":9}},"10":{"start":{"line":16,"column":39},"end":{"line":16,"column":70}},"11":{"start":{"line":17,"column":12},"end":{"line":17,"column":119}},"12":{"start":{"line":21,"column":25},"end":{"line":21,"column":43}},"13":{"start":{"line":22,"column":8},"end":{"line":22,"column":30}},"14":{"start":{"line":24,"column":8},"end":{"line":24,"column":92}},"15":{"start":{"line":27,"column":8},"end":{"line":27,"column":70}},"16":{"start":{"line":31,"column":0},"end":{"line":61,"column":2}},"17":{"start":{"line":32,"column":4},"end":{"line":60,"column":5}},"18":{"start":{"line":33,"column":21},"end":{"line":33,"column":50}},"19":{"start":{"line":34,"column":22},"end":{"line":34,"column":53}},"20":{"start":{"line":35,"column":23},"end":{"line":35,"column":45}},"21":{"start":{"line":37,"column":22},"end":{"line":42,"column":9}},"22":{"start":{"line":44,"column":21},"end":{"line":44,"column":39}},"23":{"start":{"line":46,"column":35},"end":{"line":49,"column":10}},"24":{"start":{"line":51,"column":8},"end":{"line":56,"column":11}},"25":{"start":{"line":59,"column":8},"end":{"line":59,"column":70}},"26":{"start":{"line":64,"column":0},"end":{"line":79,"column":2}},"27":{"start":{"line":65,"column":4},"end":{"line":78,"column":5}},"28":{"start":{"line":66,"column":36},"end":{"line":70,"column":9}},"29":{"start":{"line":72,"column":8},"end":{"line":72,"column":92}},"30":{"start":{"line":72,"column":34},"end":{"line":72,"column":92}},"31":{"start":{"line":74,"column":8},"end":{"line":74,"column":108}},"32":{"start":{"line":77,"column":8},"end":{"line":77,"column":73}},"33":{"start":{"line":81,"column":0},"end":{"line":92,"column":1}},"34":{"start":{"line":82,"column":4},"end":{"line":91,"column":5}},"35":{"start":{"line":83,"column":23},"end":{"line":83,"column":61}},"36":{"start":{"line":85,"column":8},"end":{"line":85,"column":80}},"37":{"start":{"line":85,"column":22},"end":{"line":85,"column":80}},"38":{"start":{"line":87,"column":8},"end":{"line":87,"column":39}},"39":{"start":{"line":90,"column":8},"end":{"line":90,"column":70}},"40":{"start":{"line":94,"column":0},"end":{"line":117,"column":2}},"41":{"start":{"line":95,"column":4},"end":{"line":116,"column":5}},"42":{"start":{"line":96,"column":23},"end":{"line":96,"column":33}},"43":{"start":{"line":98,"column":25},"end":{"line":98,"column":52}},"44":{"start":{"line":99,"column":8},"end":{"line":99,"column":81}},"45":{"start":{"line":99,"column":23},"end":{"line":99,"column":81}},"46":{"start":{"line":102,"column":26},"end":{"line":102,"column":65}},"47":{"start":{"line":105,"column":8},"end":{"line":108,"column":9}},"48":{"start":{"line":106,"column":12},"end":{"line":106,"column":54}},"49":{"start":{"line":107,"column":12},"end":{"line":107,"column":59}},"50":{"start":{"line":111,"column":8},"end":{"line":111,"column":45}},"51":{"start":{"line":113,"column":8},"end":{"line":113,"column":142}},"52":{"start":{"line":115,"column":8},"end":{"line":115,"column":71}},"53":{"start":{"line":120,"column":36},"end":{"line":148,"column":1}},"54":{"start":{"line":121,"column":2},"end":{"line":147,"column":3}},"55":{"start":{"line":123,"column":21},"end":{"line":123,"column":55}},"56":{"start":{"line":125,"column":4},"end":{"line":140,"column":5}},"57":{"start":{"line":126,"column":34},"end":{"line":126,"column":66}},"58":{"start":{"line":127,"column":19},"end":{"line":127,"column":74}},"59":{"start":{"line":129,"column":6},"end":{"line":139,"column":7}},"60":{"start":{"line":131,"column":8},"end":{"line":131,"column":39}},"61":{"start":{"line":133,"column":8},"end":{"line":137,"column":9}},"62":{"start":{"line":143,"column":4},"end":{"line":143,"column":45}},"63":{"start":{"line":146,"column":4},"end":{"line":146,"column":16}}},"fnMap":{"0":{"name":"(anonymous_0)","decl":{"start":{"line":10,"column":24},"end":{"line":10,"column":25}},"loc":{"start":{"line":10,"column":44},"end":{"line":29,"column":1}},"line":10},"1":{"name":"(anonymous_1)","decl":{"start":{"line":31,"column":27},"end":{"line":31,"column":28}},"loc":{"start":{"line":31,"column":47},"end":{"line":61,"column":1}},"line":31},"2":{"name":"(anonymous_2)","decl":{"start":{"line":64,"column":29},"end":{"line":64,"column":30}},"loc":{"start":{"line":64,"column":49},"end":{"line":79,"column":1}},"line":64},"3":{"name":"(anonymous_3)","decl":{"start":{"line":81,"column":26},"end":{"line":81,"column":27}},"loc":{"start":{"line":81,"column":46},"end":{"line":92,"column":1}},"line":81},"4":{"name":"(anonymous_4)","decl":{"start":{"line":94,"column":27},"end":{"line":94,"column":28}},"loc":{"start":{"line":94,"column":47},"end":{"line":117,"column":1}},"line":94},"5":{"name":"(anonymous_5)","decl":{"start":{"line":120,"column":36},"end":{"line":120,"column":37}},"loc":{"start":{"line":120,"column":58},"end":{"line":148,"column":1}},"line":120}},"branchMap":{"0":{"loc":{"start":{"line":15,"column":8},"end":{"line":18,"column":9}},"type":"if","locations":[{"start":{"line":15,"column":8},"end":{"line":18,"column":9}},{"start":{},"end":{}}],"line":15},"1":{"loc":{"start":{"line":33,"column":21},"end":{"line":33,"column":50}},"type":"binary-expr","locations":[{"start":{"line":33,"column":21},"end":{"line":33,"column":45}},{"start":{"line":33,"column":49},"end":{"line":33,"column":50}}],"line":33},"2":{"loc":{"start":{"line":34,"column":22},"end":{"line":34,"column":53}},"type":"binary-expr","locations":[{"start":{"line":34,"column":22},"end":{"line":34,"column":47}},{"start":{"line":34,"column":51},"end":{"line":34,"column":53}}],"line":34},"3":{"loc":{"start":{"line":35,"column":23},"end":{"line":35,"column":45}},"type":"binary-expr","locations":[{"start":{"line":35,"column":23},"end":{"line":35,"column":39}},{"start":{"line":35,"column":43},"end":{"line":35,"column":45}}],"line":35},"4":{"loc":{"start":{"line":72,"column":8},"end":{"line":72,"column":92}},"type":"if","locations":[{"start":{"line":72,"column":8},"end":{"line":72,"column":92}},{"start":{},"end":{}}],"line":72},"5":{"loc":{"start":{"line":85,"column":8},"end":{"line":85,"column":80}},"type":"if","locations":[{"start":{"line":85,"column":8},"end":{"line":85,"column":80}},{"start":{},"end":{}}],"line":85},"6":{"loc":{"start":{"line":99,"column":8},"end":{"line":99,"column":81}},"type":"if","locations":[{"start":{"line":99,"column":8},"end":{"line":99,"column":81}},{"start":{},"end":{}}],"line":99},"7":{"loc":{"start":{"line":133,"column":8},"end":{"line":137,"column":9}},"type":"if","locations":[{"start":{"line":133,"column":8},"end":{"line":137,"column":9}},{"start":{"line":135,"column":15},"end":{"line":137,"column":9}}],"line":133}},"s":{"0":5,"1":5,"2":5,"3":5,"4":5,"5":5,"6":5,"7":4,"8":4,"9":4,"10":1,"11":1,"12":3,"13":3,"14":3,"15":0,"16":5,"17":1,"18":1,"19":1,"20":1,"21":1,"22":1,"23":1,"24":1,"25":0,"26":5,"27":2,"28":2,"29":2,"30":1,"31":1,"32":0,"33":5,"34":2,"35":2,"36":2,"37":1,"38":1,"39":0,"40":5,"41":2,"42":2,"43":2,"44":2,"45":1,"46":1,"47":1,"48":0,"49":0,"50":1,"51":1,"52":0,"53":5,"54":0,"55":0,"56":0,"57":0,"58":0,"59":0,"60":0,"61":0,"62":0,"63":0},"f":{"0":4,"1":1,"2":2,"3":2,"4":2,"5":0},"b":{"0":[1,3],"1":[1,1],"2":[1,1],"3":[1,1],"4":[1,1],"5":[1,1],"6":[1,1],"7":[0,0]},"_coverageSchema":"1a1c01bbd47fc00a2c39e90264f33305004495a9","hash":"951dfe5c71f851bdad379d5c57be7885b62a68fa"}
,"D:\\A\\Proyectos Personales\\FullStack\\app-sistema-medico\\backend\\controllers\\usuarioController.js": {"path":"D:\\A\\Proyectos Personales\\FullStack\\app-sistema-medico\\backend\\controllers\\usuarioController.js","statementMap":{"0":{"start":{"line":1,"column":16},"end":{"line":1,"column":44}},"1":{"start":{"line":2,"column":24},"end":{"line":2,"column":52}},"2":{"start":{"line":3,"column":29},"end":{"line":3,"column":63}},"3":{"start":{"line":4,"column":22},"end":{"line":4,"column":52}},"4":{"start":{"line":5,"column":28},"end":{"line":5,"column":59}},"5":{"start":{"line":7,"column":0},"end":{"line":38,"column":1}},"6":{"start":{"line":8,"column":4},"end":{"line":37,"column":5}},"7":{"start":{"line":9,"column":8},"end":{"line":9,"column":31}},"8":{"start":{"line":10,"column":21},"end":{"line":10,"column":63}},"9":{"start":{"line":12,"column":8},"end":{"line":15,"column":9}},"10":{"start":{"line":13,"column":12},"end":{"line":13,"column":58}},"11":{"start":{"line":14,"column":12},"end":{"line":14,"column":18}},"12":{"start":{"line":17,"column":29},"end":{"line":17,"column":49}},"13":{"start":{"line":18,"column":22},"end":{"line":18,"column":63}},"14":{"start":{"line":19,"column":8},"end":{"line":22,"column":9}},"15":{"start":{"line":20,"column":12},"end":{"line":20,"column":58}},"16":{"start":{"line":21,"column":12},"end":{"line":21,"column":18}},"17":{"start":{"line":24,"column":8},"end":{"line":24,"column":57}},"18":{"start":{"line":26,"column":21},"end":{"line":29,"column":9}},"19":{"start":{"line":31,"column":8},"end":{"line":31,"column":23}},"20":{"start":{"line":32,"column":8},"end":{"line":32,"column":24}},"21":{"start":{"line":35,"column":8},"end":{"line":35,"column":23}},"22":{"start":{"line":36,"column":8},"end":{"line":36,"column":48}},"23":{"start":{"line":40,"column":0},"end":{"line":66,"column":1}},"24":{"start":{"line":41,"column":4},"end":{"line":65,"column":5}},"25":{"start":{"line":42,"column":8},"end":{"line":42,"column":31}},"26":{"start":{"line":43,"column":23},"end":{"line":43,"column":65}},"27":{"start":{"line":45,"column":8},"end":{"line":45,"column":79}},"28":{"start":{"line":45,"column":21},"end":{"line":45,"column":79}},"29":{"start":{"line":48,"column":33},"end":{"line":48,"column":77}},"30":{"start":{"line":49,"column":8},"end":{"line":49,"column":103}},"31":{"start":{"line":49,"column":31},"end":{"line":49,"column":103}},"32":{"start":{"line":52,"column":8},"end":{"line":52,"column":35}},"33":{"start":{"line":53,"column":8},"end":{"line":53,"column":34}},"34":{"start":{"line":56,"column":8},"end":{"line":56,"column":119}},"35":{"start":{"line":56,"column":62},"end":{"line":56,"column":119}},"36":{"start":{"line":58,"column":8},"end":{"line":58,"column":28}},"37":{"start":{"line":60,"column":8},"end":{"line":60,"column":24}},"38":{"start":{"line":61,"column":8},"end":{"line":61,"column":66}},"39":{"start":{"line":64,"column":8},"end":{"line":64,"column":75}}},"fnMap":{"0":{"name":"(anonymous_0)","decl":{"start":{"line":7,"column":23},"end":{"line":7,"column":24}},"loc":{"start":{"line":7,"column":42},"end":{"line":38,"column":1}},"line":7},"1":{"name":"(anonymous_1)","decl":{"start":{"line":40,"column":28},"end":{"line":40,"column":29}},"loc":{"start":{"line":40,"column":48},"end":{"line":66,"column":1}},"line":40}},"branchMap":{"0":{"loc":{"start":{"line":12,"column":8},"end":{"line":15,"column":9}},"type":"if","locations":[{"start":{"line":12,"column":8},"end":{"line":15,"column":9}},{"start":{},"end":{}}],"line":12},"1":{"loc":{"start":{"line":19,"column":8},"end":{"line":22,"column":9}},"type":"if","locations":[{"start":{"line":19,"column":8},"end":{"line":22,"column":9}},{"start":{},"end":{}}],"line":19},"2":{"loc":{"start":{"line":45,"column":8},"end":{"line":45,"column":79}},"type":"if","locations":[{"start":{"line":45,"column":8},"end":{"line":45,"column":79}},{"start":{},"end":{}}],"line":45},"3":{"loc":{"start":{"line":49,"column":8},"end":{"line":49,"column":103}},"type":"if","locations":[{"start":{"line":49,"column":8},"end":{"line":49,"column":103}},{"start":{},"end":{}}],"line":49},"4":{"loc":{"start":{"line":56,"column":8},"end":{"line":56,"column":119}},"type":"if","locations":[{"start":{"line":56,"column":8},"end":{"line":56,"column":119}},{"start":{},"end":{}}],"line":56},"5":{"loc":{"start":{"line":56,"column":12},"end":{"line":56,"column":60}},"type":"binary-expr","locations":[{"start":{"line":56,"column":12},"end":{"line":56,"column":27}},{"start":{"line":56,"column":31},"end":{"line":56,"column":60}}],"line":56}},"s":{"0":5,"1":5,"2":5,"3":5,"4":5,"5":5,"6":8,"7":8,"8":8,"9":8,"10":1,"11":1,"12":7,"13":7,"14":7,"15":1,"16":1,"17":6,"18":6,"19":6,"20":6,"21":0,"22":0,"23":5,"24":3,"25":3,"26":3,"27":3,"28":1,"29":2,"30":2,"31":1,"32":1,"33":1,"34":1,"35":0,"36":1,"37":1,"38":1,"39":0},"f":{"0":8,"1":3},"b":{"0":[1,7],"1":[1,6],"2":[1,2],"3":[1,1],"4":[0,1],"5":[1,0]},"_coverageSchema":"1a1c01bbd47fc00a2c39e90264f33305004495a9","hash":"0ef1dcce351f4ed47308daa45f17812b9583c7ed"}
,"D:\\A\\Proyectos Personales\\FullStack\\app-sistema-medico\\backend\\docs\\swagger.js": {"path":"D:\\A\\Proyectos Personales\\FullStack\\app-sistema-medico\\backend\\docs\\swagger.js","statementMap":{"0":{"start":{"line":1,"column":21},"end":{"line":1,"column":45}},"1":{"start":{"line":6,"column":26},"end":{"line":288,"column":1}},"2":{"start":{"line":293,"column":16},"end":{"line":298,"column":1}},"3":{"start":{"line":300,"column":29},"end":{"line":300,"column":50}},"4":{"start":{"line":302,"column":0},"end":{"line":302,"column":38}}},"fnMap":{},"branchMap":{},"s":{"0":5,"1":5,"2":5,"3":5,"4":5},"f":{},"b":{},"_coverageSchema":"1a1c01bbd47fc00a2c39e90264f33305004495a9","hash":"ec6ef52959320adb80750f61981ca28a20c9df1a"}
,"D:\\A\\Proyectos Personales\\FullStack\\app-sistema-medico\\backend\\middleware\\session.js": {"path":"D:\\A\\Proyectos Personales\\FullStack\\app-sistema-medico\\backend\\middleware\\session.js","statementMap":{"0":{"start":{"line":1,"column":24},"end":{"line":1,"column":54}},"1":{"start":{"line":2,"column":28},"end":{"line":2,"column":59}},"2":{"start":{"line":3,"column":16},"end":{"line":3,"column":44}},"3":{"start":{"line":5,"column":23},"end":{"line":28,"column":1}},"4":{"start":{"line":6,"column":4},"end":{"line":27,"column":5}},"5":{"start":{"line":7,"column":8},"end":{"line":9,"column":9}},"6":{"start":{"line":8,"column":12},"end":{"line":8,"column":58}},"7":{"start":{"line":11,"column":22},"end":{"line":11,"column":64}},"8":{"start":{"line":12,"column":26},"end":{"line":12,"column":50}},"9":{"start":{"line":14,"column":8},"end":{"line":16,"column":9}},"10":{"start":{"line":15,"column":12},"end":{"line":15,"column":65}},"11":{"start":{"line":18,"column":21},"end":{"line":18,"column":64}},"12":{"start":{"line":20,"column":8},"end":{"line":20,"column":23}},"13":{"start":{"line":22,"column":8},"end":{"line":22,"column":21}},"14":{"start":{"line":25,"column":8},"end":{"line":25,"column":27}},"15":{"start":{"line":26,"column":8},"end":{"line":26,"column":55}},"16":{"start":{"line":30,"column":0},"end":{"line":30,"column":32}}},"fnMap":{"0":{"name":"(anonymous_0)","decl":{"start":{"line":5,"column":23},"end":{"line":5,"column":24}},"loc":{"start":{"line":5,"column":49},"end":{"line":28,"column":1}},"line":5}},"branchMap":{"0":{"loc":{"start":{"line":7,"column":8},"end":{"line":9,"column":9}},"type":"if","locations":[{"start":{"line":7,"column":8},"end":{"line":9,"column":9}},{"start":{},"end":{}}],"line":7},"1":{"loc":{"start":{"line":14,"column":8},"end":{"line":16,"column":9}},"type":"if","locations":[{"start":{"line":14,"column":8},"end":{"line":16,"column":9}},{"start":{},"end":{}}],"line":14}},"s":{"0":5,"1":5,"2":5,"3":5,"4":42,"5":42,"6":14,"7":28,"8":28,"9":28,"10":0,"11":28,"12":28,"13":28,"14":0,"15":0,"16":5},"f":{"0":42},"b":{"0":[14,28],"1":[0,28]},"_coverageSchema":"1a1c01bbd47fc00a2c39e90264f33305004495a9","hash":"5f20a48d730e50ce7255b573737d29ac75b59a1c"}
,"D:\\A\\Proyectos Personales\\FullStack\\app-sistema-medico\\backend\\models\\Archivo.js": {"path":"D:\\A\\Proyectos Personales\\FullStack\\app-sistema-medico\\backend\\models\\Archivo.js","statementMap":{"0":{"start":{"line":1,"column":17},"end":{"line":1,"column":36}},"1":{"start":{"line":3,"column":22},"end":{"line":14,"column":2}},"2":{"start":{"line":16,"column":0},"end":{"line":16,"column":58}}},"fnMap":{},"branchMap":{},"s":{"0":5,"1":5,"2":5},"f":{},"b":{},"_coverageSchema":"1a1c01bbd47fc00a2c39e90264f33305004495a9","hash":"fb05b66d75079689cd12faa2ed0aa9d6d7266f75"}
,"D:\\A\\Proyectos Personales\\FullStack\\app-sistema-medico\\backend\\models\\Consulta.js": {"path":"D:\\A\\Proyectos Personales\\FullStack\\app-sistema-medico\\backend\\models\\Consulta.js","statementMap":{"0":{"start":{"line":1,"column":17},"end":{"line":1,"column":36}},"1":{"start":{"line":3,"column":24},"end":{"line":12,"column":18}},"2":{"start":{"line":14,"column":23},"end":{"line":42,"column":2}},"3":{"start":{"line":44,"column":0},"end":{"line":44,"column":60}}},"fnMap":{},"branchMap":{},"s":{"0":5,"1":5,"2":5,"3":5},"f":{},"b":{},"_coverageSchema":"1a1c01bbd47fc00a2c39e90264f33305004495a9","hash":"90e0a69497f383b6c042abf8101e5f588285d7d8"}
,"D:\\A\\Proyectos Personales\\FullStack\\app-sistema-medico\\backend\\models\\Paciente.js": {"path":"D:\\A\\Proyectos Personales\\FullStack\\app-sistema-medico\\backend\\models\\Paciente.js","statementMap":{"0":{"start":{"line":1,"column":17},"end":{"line":1,"column":36}},"1":{"start":{"line":3,"column":23},"end":{"line":38,"column":2}},"2":{"start":{"line":40,"column":0},"end":{"line":40,"column":60}}},"fnMap":{},"branchMap":{},"s":{"0":5,"1":5,"2":5},"f":{},"b":{},"_coverageSchema":"1a1c01bbd47fc00a2c39e90264f33305004495a9","hash":"3167a1eea368e35d685e68cec5892d41eeddc426"}
,"D:\\A\\Proyectos Personales\\FullStack\\app-sistema-medico\\backend\\models\\Usuario.js": {"path":"D:\\A\\Proyectos Personales\\FullStack\\app-sistema-medico\\backend\\models\\Usuario.js","statementMap":{"0":{"start":{"line":1,"column":17},"end":{"line":1,"column":36}},"1":{"start":{"line":3,"column":22},"end":{"line":16,"column":2}},"2":{"start":{"line":18,"column":0},"end":{"line":18,"column":58}}},"fnMap":{},"branchMap":{},"s":{"0":5,"1":5,"2":5},"f":{},"b":{},"_coverageSchema":"1a1c01bbd47fc00a2c39e90264f33305004495a9","hash":"e51cb17cf1e83c9cbf1c11a4a6ea7e2385c7e73e"}
,"D:\\A\\Proyectos Personales\\FullStack\\app-sistema-medico\\backend\\routes\\archivo.js": {"path":"D:\\A\\Proyectos Personales\\FullStack\\app-sistema-medico\\backend\\routes\\archivo.js","statementMap":{"0":{"start":{"line":1,"column":16},"end":{"line":1,"column":34}},"1":{"start":{"line":2,"column":15},"end":{"line":2,"column":31}},"2":{"start":{"line":3,"column":25},"end":{"line":3,"column":58}},"3":{"start":{"line":4,"column":45},"end":{"line":4,"column":77}},"4":{"start":{"line":5,"column":26},"end":{"line":5,"column":69}},"5":{"start":{"line":6,"column":23},"end":{"line":6,"column":55}},"6":{"start":{"line":40,"column":0},"end":{"line":40,"column":128}},"7":{"start":{"line":72,"column":0},"end":{"line":72,"column":91}},"8":{"start":{"line":104,"column":0},"end":{"line":104,"column":95}},"9":{"start":{"line":106,"column":0},"end":{"line":106,"column":24}}},"fnMap":{},"branchMap":{},"s":{"0":5,"1":5,"2":5,"3":5,"4":5,"5":5,"6":5,"7":5,"8":5,"9":5},"f":{},"b":{},"_coverageSchema":"1a1c01bbd47fc00a2c39e90264f33305004495a9","hash":"e58a365417f9bae48b3a7d1fb78cdd0cdc88b8f6"}
,"D:\\A\\Proyectos Personales\\FullStack\\app-sistema-medico\\backend\\routes\\consulta.js": {"path":"D:\\A\\Proyectos Personales\\FullStack\\app-sistema-medico\\backend\\routes\\consulta.js","statementMap":{"0":{"start":{"line":1,"column":16},"end":{"line":1,"column":34}},"1":{"start":{"line":2,"column":15},"end":{"line":2,"column":31}},"2":{"start":{"line":3,"column":27},"end":{"line":3,"column":71}},"3":{"start":{"line":4,"column":43},"end":{"line":4,"column":76}},"4":{"start":{"line":5,"column":23},"end":{"line":5,"column":55}},"5":{"start":{"line":33,"column":0},"end":{"line":33,"column":91}},"6":{"start":{"line":65,"column":0},"end":{"line":65,"column":95}},"7":{"start":{"line":95,"column":0},"end":{"line":95,"column":100}},"8":{"start":{"line":127,"column":0},"end":{"line":127,"column":97}},"9":{"start":{"line":129,"column":0},"end":{"line":129,"column":24}}},"fnMap":{},"branchMap":{},"s":{"0":5,"1":5,"2":5,"3":5,"4":5,"5":5,"6":5,"7":5,"8":5,"9":5},"f":{},"b":{},"_coverageSchema":"1a1c01bbd47fc00a2c39e90264f33305004495a9","hash":"d9385b59199c1f77a12d2a8d7fa0796ea60b74d0"}
,"D:\\A\\Proyectos Personales\\FullStack\\app-sistema-medico\\backend\\routes\\dashboard.js": {"path":"D:\\A\\Proyectos Personales\\FullStack\\app-sistema-medico\\backend\\routes\\dashboard.js","statementMap":{"0":{"start":{"line":1,"column":16},"end":{"line":1,"column":34}},"1":{"start":{"line":2,"column":15},"end":{"line":2,"column":31}},"2":{"start":{"line":3,"column":28},"end":{"line":3,"column":73}},"3":{"start":{"line":4,"column":23},"end":{"line":4,"column":55}},"4":{"start":{"line":27,"column":0},"end":{"line":27,"column":70}},"5":{"start":{"line":29,"column":0},"end":{"line":29,"column":24}}},"fnMap":{},"branchMap":{},"s":{"0":5,"1":5,"2":5,"3":5,"4":5,"5":5},"f":{},"b":{},"_coverageSchema":"1a1c01bbd47fc00a2c39e90264f33305004495a9","hash":"d409a54d123a76d73be5f1630e97c8a272cc1465"}
,"D:\\A\\Proyectos Personales\\FullStack\\app-sistema-medico\\backend\\routes\\paciente.js": {"path":"D:\\A\\Proyectos Personales\\FullStack\\app-sistema-medico\\backend\\routes\\paciente.js","statementMap":{"0":{"start":{"line":1,"column":16},"end":{"line":1,"column":34}},"1":{"start":{"line":2,"column":15},"end":{"line":2,"column":31}},"2":{"start":{"line":3,"column":27},"end":{"line":3,"column":71}},"3":{"start":{"line":4,"column":23},"end":{"line":4,"column":55}},"4":{"start":{"line":5,"column":68},"end":{"line":5,"column":101}},"5":{"start":{"line":33,"column":0},"end":{"line":33,"column":91}},"6":{"start":{"line":72,"column":0},"end":{"line":72,"column":78}},"7":{"start":{"line":102,"column":0},"end":{"line":102,"column":106}},"8":{"start":{"line":134,"column":0},"end":{"line":134,"column":93}},"9":{"start":{"line":166,"column":0},"end":{"line":166,"column":97}},"10":{"start":{"line":168,"column":0},"end":{"line":168,"column":23}}},"fnMap":{},"branchMap":{},"s":{"0":5,"1":5,"2":5,"3":5,"4":5,"5":5,"6":5,"7":5,"8":5,"9":5,"10":5},"f":{},"b":{},"_coverageSchema":"1a1c01bbd47fc00a2c39e90264f33305004495a9","hash":"3247631c6af3cc112bdb30ad074b0d8067db5a49"}
,"D:\\A\\Proyectos Personales\\FullStack\\app-sistema-medico\\backend\\routes\\usuario.js": {"path":"D:\\A\\Proyectos Personales\\FullStack\\app-sistema-medico\\backend\\routes\\usuario.js","statementMap":{"0":{"start":{"line":1,"column":16},"end":{"line":1,"column":34}},"1":{"start":{"line":2,"column":15},"end":{"line":2,"column":31}},"2":{"start":{"line":3,"column":26},"end":{"line":3,"column":69}},"3":{"start":{"line":4,"column":27},"end":{"line":4,"column":56}},"4":{"start":{"line":5,"column":29},"end":{"line":5,"column":61}},"5":{"start":{"line":6,"column":23},"end":{"line":6,"column":55}},"6":{"start":{"line":34,"column":0},"end":{"line":34,"column":70}},"7":{"start":{"line":66,"column":0},"end":{"line":66,"column":97}},"8":{"start":{"line":68,"column":0},"end":{"line":68,"column":23}}},"fnMap":{},"branchMap":{},"s":{"0":5,"1":5,"2":5,"3":5,"4":5,"5":5,"6":5,"7":5,"8":5},"f":{},"b":{},"_coverageSchema":"1a1c01bbd47fc00a2c39e90264f33305004495a9","hash":"4fe0907cb22116ee17a228d01f330598a5e32f06"}
,"D:\\A\\Proyectos Personales\\FullStack\\app-sistema-medico\\backend\\test\\helper\\helperData.js": {"path":"D:\\A\\Proyectos Personales\\FullStack\\app-sistema-medico\\backend\\test\\helper\\helperData.js","statementMap":{"0":{"start":{"line":2,"column":21},"end":{"line":5,"column":1}},"1":{"start":{"line":6,"column":22},"end":{"line":10,"column":1}},"2":{"start":{"line":13,"column":25},"end":{"line":22,"column":1}},"3":{"start":{"line":23,"column":26},"end":{"line":44,"column":1}},"4":{"start":{"line":47,"column":25},"end":{"line":64,"column":1}},"5":{"start":{"line":66,"column":0},"end":{"line":72,"column":1}}},"fnMap":{},"branchMap":{},"s":{"0":5,"1":5,"2":5,"3":5,"4":5,"5":5},"f":{},"b":{},"_coverageSchema":"1a1c01bbd47fc00a2c39e90264f33305004495a9","hash":"499dc889c10a432bed0087e37d22d56a98f8e07b"}
,"D:\\A\\Proyectos Personales\\FullStack\\app-sistema-medico\\backend\\utils\\handleError.js": {"path":"D:\\A\\Proyectos Personales\\FullStack\\app-sistema-medico\\backend\\utils\\handleError.js","statementMap":{"0":{"start":{"line":1,"column":24},"end":{"line":3,"column":1}},"1":{"start":{"line":2,"column":4},"end":{"line":2,"column":53}},"2":{"start":{"line":5,"column":0},"end":{"line":5,"column":37}}},"fnMap":{"0":{"name":"(anonymous_0)","decl":{"start":{"line":1,"column":24},"end":{"line":1,"column":25}},"loc":{"start":{"line":1,"column":71},"end":{"line":3,"column":1}},"line":1}},"branchMap":{"0":{"loc":{"start":{"line":1,"column":30},"end":{"line":1,"column":54}},"type":"default-arg","locations":[{"start":{"line":1,"column":40},"end":{"line":1,"column":54}}],"line":1},"1":{"loc":{"start":{"line":1,"column":56},"end":{"line":1,"column":66}},"type":"default-arg","locations":[{"start":{"line":1,"column":63},"end":{"line":1,"column":66}}],"line":1}},"s":{"0":5,"1":26,"2":5},"f":{"0":26},"b":{"0":[0],"1":[0]},"_coverageSchema":"1a1c01bbd47fc00a2c39e90264f33305004495a9","hash":"44277384f504c7c8e92c9e0d509cba981933a19e"}
,"D:\\A\\Proyectos Personales\\FullStack\\app-sistema-medico\\backend\\utils\\handlePassword.js": {"path":"D:\\A\\Proyectos Personales\\FullStack\\app-sistema-medico\\backend\\utils\\handlePassword.js","statementMap":{"0":{"start":{"line":1,"column":17},"end":{"line":1,"column":36}},"1":{"start":{"line":7,"column":16},"end":{"line":9,"column":1}},"2":{"start":{"line":8,"column":4},"end":{"line":8,"column":49}},"3":{"start":{"line":16,"column":16},"end":{"line":18,"column":1}},"4":{"start":{"line":17,"column":4},"end":{"line":17,"column":62}},"5":{"start":{"line":20,"column":0},"end":{"line":20,"column":37}}},"fnMap":{"0":{"name":"(anonymous_0)","decl":{"start":{"line":7,"column":16},"end":{"line":7,"column":17}},"loc":{"start":{"line":7,"column":40},"end":{"line":9,"column":1}},"line":7},"1":{"name":"(anonymous_1)","decl":{"start":{"line":16,"column":16},"end":{"line":16,"column":17}},"loc":{"start":{"line":16,"column":54},"end":{"line":18,"column":1}},"line":16}},"branchMap":{},"s":{"0":5,"1":5,"2":0,"3":5,"4":9,"5":5},"f":{"0":0,"1":9},"b":{},"_coverageSchema":"1a1c01bbd47fc00a2c39e90264f33305004495a9","hash":"c4e98fd3258e3ce631ff80bedcde8eddfd0e2a1e"}
,"D:\\A\\Proyectos Personales\\FullStack\\app-sistema-medico\\backend\\utils\\handleStorage.js": {"path":"D:\\A\\Proyectos Personales\\FullStack\\app-sistema-medico\\backend\\utils\\handleStorage.js","statementMap":{"0":{"start":{"line":1,"column":15},"end":{"line":1,"column":32}},"1":{"start":{"line":3,"column":16},"end":{"line":22,"column":2}},"2":{"start":{"line":5,"column":28},"end":{"line":5,"column":53}},"3":{"start":{"line":6,"column":8},"end":{"line":6,"column":30}},"4":{"start":{"line":9,"column":20},"end":{"line":9,"column":54}},"5":{"start":{"line":11,"column":21},"end":{"line":16,"column":29}},"6":{"start":{"line":18,"column":25},"end":{"line":18,"column":55}},"7":{"start":{"line":20,"column":8},"end":{"line":20,"column":26}},"8":{"start":{"line":24,"column":25},"end":{"line":24,"column":42}},"9":{"start":{"line":26,"column":0},"end":{"line":26,"column":34}}},"fnMap":{"0":{"name":"(anonymous_0)","decl":{"start":{"line":4,"column":17},"end":{"line":4,"column":18}},"loc":{"start":{"line":4,"column":40},"end":{"line":7,"column":5}},"line":4},"1":{"name":"(anonymous_1)","decl":{"start":{"line":8,"column":14},"end":{"line":8,"column":15}},"loc":{"start":{"line":8,"column":37},"end":{"line":21,"column":5}},"line":8}},"branchMap":{},"s":{"0":5,"1":5,"2":1,"3":1,"4":1,"5":1,"6":1,"7":1,"8":5,"9":5},"f":{"0":1,"1":1},"b":{},"_coverageSchema":"1a1c01bbd47fc00a2c39e90264f33305004495a9","hash":"3f87757ad1110dd604415e36280335b315e18919"}
,"D:\\A\\Proyectos Personales\\FullStack\\app-sistema-medico\\backend\\utils\\handleValidator.js": {"path":"D:\\A\\Proyectos Personales\\FullStack\\app-sistema-medico\\backend\\utils\\handleValidator.js","statementMap":{"0":{"start":{"line":1,"column":29},"end":{"line":1,"column":57}},"1":{"start":{"line":3,"column":24},"end":{"line":11,"column":1}},"2":{"start":{"line":4,"column":4},"end":{"line":10,"column":5}},"3":{"start":{"line":5,"column":8},"end":{"line":5,"column":38}},"4":{"start":{"line":6,"column":8},"end":{"line":6,"column":22}},"5":{"start":{"line":8,"column":8},"end":{"line":8,"column":24}},"6":{"start":{"line":9,"column":8},"end":{"line":9,"column":42}},"7":{"start":{"line":13,"column":0},"end":{"line":13,"column":32}}},"fnMap":{"0":{"name":"(anonymous_0)","decl":{"start":{"line":3,"column":24},"end":{"line":3,"column":25}},"loc":{"start":{"line":3,"column":44},"end":{"line":11,"column":1}},"line":3}},"branchMap":{},"s":{"0":5,"1":5,"2":30,"3":30,"4":30,"5":0,"6":0,"7":5},"f":{"0":30},"b":{},"_coverageSchema":"1a1c01bbd47fc00a2c39e90264f33305004495a9","hash":"29b5a4cd10bb2acb5a4b75a1a61c1fa19794a397"}
,"D:\\A\\Proyectos Personales\\FullStack\\app-sistema-medico\\backend\\utils\\handlerJwt.js": {"path":"D:\\A\\Proyectos Personales\\FullStack\\app-sistema-medico\\backend\\utils\\handlerJwt.js","statementMap":{"0":{"start":{"line":1,"column":12},"end":{"line":1,"column":35}},"1":{"start":{"line":2,"column":19},"end":{"line":2,"column":41}},"2":{"start":{"line":8,"column":18},"end":{"line":20,"column":1}},"3":{"start":{"line":10,"column":4},"end":{"line":19,"column":5}},"4":{"start":{"line":27,"column":20},"end":{"line":33,"column":1}},"5":{"start":{"line":28,"column":4},"end":{"line":32,"column":5}},"6":{"start":{"line":29,"column":8},"end":{"line":29,"column":47}},"7":{"start":{"line":31,"column":8},"end":{"line":31,"column":19}},"8":{"start":{"line":35,"column":0},"end":{"line":35,"column":41}}},"fnMap":{"0":{"name":"(anonymous_0)","decl":{"start":{"line":8,"column":18},"end":{"line":8,"column":19}},"loc":{"start":{"line":8,"column":32},"end":{"line":20,"column":1}},"line":8},"1":{"name":"(anonymous_1)","decl":{"start":{"line":27,"column":20},"end":{"line":27,"column":21}},"loc":{"start":{"line":27,"column":38},"end":{"line":33,"column":1}},"line":27}},"branchMap":{},"s":{"0":5,"1":5,"2":5,"3":6,"4":5,"5":28,"6":28,"7":0,"8":5},"f":{"0":6,"1":28},"b":{},"_coverageSchema":"1a1c01bbd47fc00a2c39e90264f33305004495a9","hash":"5b142e07a1eae849b0cdde4817ed6f23f048bccd"}
,"D:\\A\\Proyectos Personales\\FullStack\\app-sistema-medico\\backend\\validators\\archivo.js": {"path":"D:\\A\\Proyectos Personales\\FullStack\\app-sistema-medico\\backend\\validators\\archivo.js","statementMap":{"0":{"start":{"line":1,"column":18},"end":{"line":1,"column":46}},"1":{"start":{"line":2,"column":24},"end":{"line":2,"column":59}},"2":{"start":{"line":4,"column":28},"end":{"line":10,"column":1}},"3":{"start":{"line":9,"column":24},"end":{"line":9,"column":55}},"4":{"start":{"line":12,"column":20},"end":{"line":18,"column":1}},"5":{"start":{"line":17,"column":24},"end":{"line":17,"column":55}},"6":{"start":{"line":20,"column":0},"end":{"line":20,"column":54}}},"fnMap":{"0":{"name":"(anonymous_0)","decl":{"start":{"line":9,"column":4},"end":{"line":9,"column":5}},"loc":{"start":{"line":9,"column":24},"end":{"line":9,"column":55}},"line":9},"1":{"name":"(anonymous_1)","decl":{"start":{"line":17,"column":4},"end":{"line":17,"column":5}},"loc":{"start":{"line":17,"column":24},"end":{"line":17,"column":55}},"line":17}},"branchMap":{},"s":{"0":5,"1":5,"2":5,"3":1,"4":5,"5":4,"6":5},"f":{"0":1,"1":4},"b":{},"_coverageSchema":"1a1c01bbd47fc00a2c39e90264f33305004495a9","hash":"73465062b81e49c674bf0070ad0a883fbfa75f99"}
,"D:\\A\\Proyectos Personales\\FullStack\\app-sistema-medico\\backend\\validators\\auth.js": {"path":"D:\\A\\Proyectos Personales\\FullStack\\app-sistema-medico\\backend\\validators\\auth.js","statementMap":{"0":{"start":{"line":1,"column":18},"end":{"line":1,"column":46}},"1":{"start":{"line":2,"column":24},"end":{"line":2,"column":59}},"2":{"start":{"line":4,"column":23},"end":{"line":13,"column":1}},"3":{"start":{"line":12,"column":24},"end":{"line":12,"column":55}},"4":{"start":{"line":15,"column":0},"end":{"line":15,"column":36}}},"fnMap":{"0":{"name":"(anonymous_0)","decl":{"start":{"line":12,"column":4},"end":{"line":12,"column":5}},"loc":{"start":{"line":12,"column":24},"end":{"line":12,"column":55}},"line":12}},"branchMap":{},"s":{"0":5,"1":5,"2":5,"3":8,"4":5},"f":{"0":8},"b":{},"_coverageSchema":"1a1c01bbd47fc00a2c39e90264f33305004495a9","hash":"f79c0d942b2dc843afb8657aafddcade9f4bbc7a"}
,"D:\\A\\Proyectos Personales\\FullStack\\app-sistema-medico\\backend\\validators\\consulta.js": {"path":"D:\\A\\Proyectos Personales\\FullStack\\app-sistema-medico\\backend\\validators\\consulta.js","statementMap":{"0":{"start":{"line":1,"column":25},"end":{"line":1,"column":53}},"1":{"start":{"line":2,"column":24},"end":{"line":2,"column":59}},"2":{"start":{"line":4,"column":26},"end":{"line":16,"column":1}},"3":{"start":{"line":15,"column":24},"end":{"line":15,"column":55}},"4":{"start":{"line":18,"column":20},"end":{"line":24,"column":1}},"5":{"start":{"line":23,"column":24},"end":{"line":23,"column":55}},"6":{"start":{"line":26,"column":0},"end":{"line":26,"column":52}}},"fnMap":{"0":{"name":"(anonymous_0)","decl":{"start":{"line":15,"column":4},"end":{"line":15,"column":5}},"loc":{"start":{"line":15,"column":24},"end":{"line":15,"column":55}},"line":15},"1":{"name":"(anonymous_1)","decl":{"start":{"line":23,"column":4},"end":{"line":23,"column":5}},"loc":{"start":{"line":23,"column":24},"end":{"line":23,"column":55}},"line":23}},"branchMap":{},"s":{"0":5,"1":5,"2":5,"3":4,"4":5,"5":4,"6":5},"f":{"0":4,"1":4},"b":{},"_coverageSchema":"1a1c01bbd47fc00a2c39e90264f33305004495a9","hash":"72d24985eb536883cc85f3bf4d247b1f674fc988"}
,"D:\\A\\Proyectos Personales\\FullStack\\app-sistema-medico\\backend\\validators\\paciente.js": {"path":"D:\\A\\Proyectos Personales\\FullStack\\app-sistema-medico\\backend\\validators\\paciente.js","statementMap":{"0":{"start":{"line":1,"column":43},"end":{"line":1,"column":71}},"1":{"start":{"line":2,"column":24},"end":{"line":2,"column":59}},"2":{"start":{"line":5,"column":25},"end":{"line":16,"column":1}},"3":{"start":{"line":19,"column":26},"end":{"line":51,"column":1}},"4":{"start":{"line":20,"column":15},"end":{"line":20,"column":17}},"5":{"start":{"line":23,"column":2},"end":{"line":43,"column":3}},"6":{"start":{"line":24,"column":4},"end":{"line":35,"column":5}},"7":{"start":{"line":24,"column":17},"end":{"line":24,"column":18}},"8":{"start":{"line":26,"column":6},"end":{"line":26,"column":107}},"9":{"start":{"line":26,"column":59},"end":{"line":26,"column":104}},"10":{"start":{"line":28,"column":21},"end":{"line":28,"column":68}},"11":{"start":{"line":29,"column":6},"end":{"line":34,"column":7}},"12":{"start":{"line":30,"column":8},"end":{"line":33,"column":11}},"13":{"start":{"line":38,"column":4},"end":{"line":38,"column":79}},"14":{"start":{"line":38,"column":57},"end":{"line":38,"column":76}},"15":{"start":{"line":39,"column":19},"end":{"line":39,"column":40}},"16":{"start":{"line":40,"column":4},"end":{"line":42,"column":5}},"17":{"start":{"line":41,"column":6},"end":{"line":41,"column":62}},"18":{"start":{"line":46,"column":2},"end":{"line":48,"column":3}},"19":{"start":{"line":47,"column":4},"end":{"line":47,"column":64}},"20":{"start":{"line":50,"column":2},"end":{"line":50,"column":9}},"21":{"start":{"line":53,"column":32},"end":{"line":65,"column":1}},"22":{"start":{"line":64,"column":24},"end":{"line":64,"column":55}},"23":{"start":{"line":68,"column":20},"end":{"line":74,"column":1}},"24":{"start":{"line":73,"column":24},"end":{"line":73,"column":55}},"25":{"start":{"line":76,"column":0},"end":{"line":76,"column":77}}},"fnMap":{"0":{"name":"(anonymous_0)","decl":{"start":{"line":19,"column":26},"end":{"line":19,"column":27}},"loc":{"start":{"line":19,"column":52},"end":{"line":51,"column":1}},"line":19},"1":{"name":"(anonymous_1)","decl":{"start":{"line":26,"column":45},"end":{"line":26,"column":46}},"loc":{"start":{"line":26,"column":59},"end":{"line":26,"column":104}},"line":26},"2":{"name":"(anonymous_2)","decl":{"start":{"line":38,"column":43},"end":{"line":38,"column":44}},"loc":{"start":{"line":38,"column":57},"end":{"line":38,"column":76}},"line":38},"3":{"name":"(anonymous_3)","decl":{"start":{"line":64,"column":4},"end":{"line":64,"column":5}},"loc":{"start":{"line":64,"column":24},"end":{"line":64,"column":55}},"line":64},"4":{"name":"(anonymous_4)","decl":{"start":{"line":73,"column":4},"end":{"line":73,"column":5}},"loc":{"start":{"line":73,"column":24},"end":{"line":73,"column":55}},"line":73}},"branchMap":{"0":{"loc":{"start":{"line":23,"column":2},"end":{"line":43,"column":3}},"type":"if","locations":[{"start":{"line":23,"column":2},"end":{"line":43,"column":3}},{"start":{"line":36,"column":9},"end":{"line":43,"column":3}}],"line":23},"1":{"loc":{"start":{"line":29,"column":6},"end":{"line":34,"column":7}},"type":"if","locations":[{"start":{"line":29,"column":6},"end":{"line":34,"column":7}},{"start":{},"end":{}}],"line":29},"2":{"loc":{"start":{"line":40,"column":4},"end":{"line":42,"column":5}},"type":"if","locations":[{"start":{"line":40,"column":4},"end":{"line":42,"column":5}},{"start":{},"end":{}}],"line":40},"3":{"loc":{"start":{"line":46,"column":2},"end":{"line":48,"column":3}},"type":"if","locations":[{"start":{"line":46,"column":2},"end":{"line":48,"column":3}},{"start":{},"end":{}}],"line":46}},"s":{"0":5,"1":5,"2":5,"3":5,"4":4,"5":4,"6":1,"7":1,"8":2,"9":6,"10":2,"11":2,"12":0,"13":3,"14":9,"15":3,"16":3,"17":0,"18":4,"19":0,"20":4,"21":5,"22":2,"23":5,"24":4,"25":5},"f":{"0":4,"1":6,"2":9,"3":2,"4":4},"b":{"0":[1,3],"1":[0,2],"2":[0,3],"3":[0,4]},"_coverageSchema":"1a1c01bbd47fc00a2c39e90264f33305004495a9","hash":"4b36801d745f1cc5b13b21530db99832218f05ce"}
,"D:\\A\\Proyectos Personales\\FullStack\\app-sistema-medico\\backend\\validators\\usuario.js": {"path":"D:\\A\\Proyectos Personales\\FullStack\\app-sistema-medico\\backend\\validators\\usuario.js","statementMap":{"0":{"start":{"line":1,"column":18},"end":{"line":1,"column":46}},"1":{"start":{"line":2,"column":24},"end":{"line":2,"column":59}},"2":{"start":{"line":4,"column":25},"end":{"line":16,"column":1}},"3":{"start":{"line":15,"column":24},"end":{"line":15,"column":55}},"4":{"start":{"line":18,"column":0},"end":{"line":18,"column":38}}},"fnMap":{"0":{"name":"(anonymous_0)","decl":{"start":{"line":15,"column":4},"end":{"line":15,"column":5}},"loc":{"start":{"line":15,"column":24},"end":{"line":15,"column":55}},"line":15}},"branchMap":{},"s":{"0":5,"1":5,"2":5,"3":3,"4":5},"f":{"0":3},"b":{},"_coverageSchema":"1a1c01bbd47fc00a2c39e90264f33305004495a9","hash":"dda214016a457d315cc37bbb93b1d915871fca3b"}
}
